<?xml version="1.0" encoding="UTF-8"?>
<robot generator="Robot 7.3.2 (Python 3.13.7 on win32)" generated="2025-12-22T14:40:00.785077" rpa="false" schemaversion="5">
<suite id="s1" name="18 DataDriven Test1" source="c:\Automation workspace\Tests\Test Suit\RobotUITest\18_DataDriven Test1.robot">
<kw name="open my browser" owner="18_login_resourses" type="SETUP">
<kw name="Open Browser" owner="SeleniumLibrary">
<msg time="2025-12-22T14:40:01.328325" level="INFO">Opening browser 'chrome' to base url 'https://admin-demo.nopcommerce.com/login?returnurl=%2Fadmin%2F'.</msg>
<msg time="2025-12-22T14:40:01.496901" level="WARN">The chromedriver version (142.0.7444.3) detected in PATH at C:\Users\AD06441\AppData\Local\Programs\Python\Python313\Scripts\chromedriver.exe might not be compatible with the detected chrome version (143.0.7499.110); currently, chromedriver 143.0.7499.169 is recommended for chrome 143.*, so it is advised to delete the driver in PATH and retry</msg>
<arg>${url}</arg>
<arg>${browser}</arg>
<doc>Opens a new browser instance to the optional ``url``.</doc>
<status status="PASS" start="2025-12-22T14:40:01.327962" elapsed="10.932109"/>
</kw>
<kw name="Maximize Browser Window" owner="SeleniumLibrary">
<doc>Maximizes current browser window.</doc>
<status status="PASS" start="2025-12-22T14:40:12.260579" elapsed="0.206391"/>
</kw>
<status status="PASS" start="2025-12-22T14:40:01.327159" elapsed="11.140129"/>
</kw>
<test id="s1-t1" name="Correct user and Empty Password" line="9">
<kw name="PrintPdf@yz.com">
<msg time="2025-12-22T14:40:12.470353" level="FAIL">No keyword with name 'PrintPdf@yz.com' found.</msg>
<arg>${EMPTY}</arg>
<status status="FAIL" start="2025-12-22T14:40:12.470116" elapsed="0.002552">No keyword with name 'PrintPdf@yz.com' found.</status>
</kw>
<status status="FAIL" start="2025-12-22T14:40:12.467471" elapsed="0.111482">No keyword with name 'PrintPdf@yz.com' found.</status>
</test>
<test id="s1-t2" name="Correct user wrong password" line="10">
<kw name="admin@yourstore.com">
<msg time="2025-12-22T14:40:12.585369" level="FAIL">No keyword with name 'admin@yourstore.com' found.</msg>
<arg>Prasad</arg>
<status status="FAIL" start="2025-12-22T14:40:12.585165" elapsed="0.000399">No keyword with name 'admin@yourstore.com' found.</status>
</kw>
<status status="FAIL" start="2025-12-22T14:40:12.582437" elapsed="0.003878">No keyword with name 'admin@yourstore.com' found.</status>
</test>
<test id="s1-t3" name="wrong user Correct password" line="11">
<kw name="PrintPdf@yz.com">
<msg time="2025-12-22T14:40:12.591326" level="FAIL">No keyword with name 'PrintPdf@yz.com' found.</msg>
<arg>admin</arg>
<status status="FAIL" start="2025-12-22T14:40:12.590733" elapsed="0.000859">No keyword with name 'PrintPdf@yz.com' found.</status>
</kw>
<status status="FAIL" start="2025-12-22T14:40:12.588144" elapsed="0.013636">No keyword with name 'PrintPdf@yz.com' found.</status>
</test>
<status status="FAIL" start="2025-12-22T14:40:00.791924" elapsed="11.811820"/>
</suite>
<statistics>
<total>
<stat pass="0" fail="3" skip="0">All Tests</stat>
</total>
<tag>
</tag>
<suite>
<stat name="18 DataDriven Test1" id="s1" pass="0" fail="3" skip="0">18 DataDriven Test1</stat>
</suite>
</statistics>
<errors>
<msg time="2025-12-22T14:40:01.496901" level="WARN">The chromedriver version (142.0.7444.3) detected in PATH at C:\Users\AD06441\AppData\Local\Programs\Python\Python313\Scripts\chromedriver.exe might not be compatible with the detected chrome version (143.0.7499.110); currently, chromedriver 143.0.7499.169 is recommended for chrome 143.*, so it is advised to delete the driver in PATH and retry</msg>
</errors>
</robot>
